This file contains any messages produced by compilers while
running configure, to aid debugging if configure makes a mistake.

It was created by CausalSet configure 1.1, which was
generated by GNU Autoconf 2.63.  Invocation command line was

  $ ./configure 

## --------- ##
## Platform. ##
## --------- ##

hostname = compute-4-017
uname -m = x86_64
uname -r = 2.6.32-573.el6.x86_64
uname -s = Linux
uname -v = #1 SMP Thu Jul 23 15:44:03 UTC 2015

/usr/bin/uname -p = unknown
/bin/uname -X     = unknown

/bin/arch              = x86_64
/usr/bin/arch -k       = unknown
/usr/convex/getsysinfo = unknown
/usr/bin/hostinfo      = unknown
/bin/machine           = unknown
/usr/bin/oslevel       = unknown
/bin/universe          = unknown

PATH: /gss_gpfs_scratch/nroy/binutils/binutils-2.24/INSTALL/bin
PATH: /shared/apps/lsf/9.1/linux2.6-glibc2.3-x86_64/etc
PATH: /shared/apps/lsf/9.1/linux2.6-glibc2.3-x86_64/bin
PATH: /shared/apps/gnu-compilers/gnu-4.8.1/gcc-4.8.1/INSTALL/bin
PATH: /shared/apps/cuda7.0/bin
PATH: /shared/apps/boost/boost_1_55_0
PATH: /shared/apps/boost/boost_1_55_0/boost
PATH: /shared/apps/fftw/fftw-3.3.3/INSTALL/bin
PATH: /shared/apps/gnu-compilers/usr/bin
PATH: /usr/lib64/qt-3.3/bin
PATH: /opt/ibm/platform_mpi/bin
PATH: /usr/local/bin
PATH: /bin
PATH: /usr/bin
PATH: /usr/local/sbin
PATH: /usr/sbin
PATH: /sbin
PATH: /home/cunningham.wi/bin


## ----------- ##
## Core tests. ##
## ----------- ##

configure:1893: checking for a BSD-compatible install
configure:1961: result: /usr/bin/install -c
configure:1972: checking whether build environment is sane
configure:2032: result: yes
configure:2173: checking for a thread-safe mkdir -p
configure:2212: result: /bin/mkdir -p
configure:2225: checking for gawk
configure:2241: found /bin/gawk
configure:2252: result: gawk
configure:2263: checking whether make sets $(MAKE)
configure:2285: result: yes
configure:2425: checking for gcc
configure:2441: found /shared/apps/gnu-compilers/gnu-4.8.1/gcc-4.8.1/INSTALL/bin/gcc
configure:2452: result: gcc
configure:2684: checking for C compiler version
configure:2692: gcc --version >&5
gcc (GCC) 4.8.1
Copyright (C) 2013 Free Software Foundation, Inc.
This is free software; see the source for copying conditions.  There is NO
warranty; not even for MERCHANTABILITY or FITNESS FOR A PARTICULAR PURPOSE.

configure:2696: $? = 0
configure:2703: gcc -v >&5
Using built-in specs.
COLLECT_GCC=gcc
COLLECT_LTO_WRAPPER=/shared/apps/gnu-compilers/gnu-4.8.1/gcc-4.8.1/INSTALL/libexec/gcc/x86_64-unknown-linux-gnu/4.8.1/lto-wrapper
Target: x86_64-unknown-linux-gnu
Configured with: ./configure --prefix=/shared/apps/gnu-compilers/gnu-4.8.1/gcc-4.8.1/INSTALL --disable-libstdcxx-pch
Thread model: posix
gcc version 4.8.1 (GCC) 
configure:2707: $? = 0
configure:2714: gcc -V >&5
gcc: error: unrecognized command line option '-V'
gcc: fatal error: no input files
compilation terminated.
configure:2718: $? = 1
configure:2741: checking for C compiler default output file name
configure:2763: gcc    conftest.c  >&5
configure:2767: $? = 0
configure:2805: result: a.out
configure:2824: checking whether the C compiler works
configure:2834: ./a.out
configure:2838: $? = 0
configure:2857: result: yes
configure:2864: checking whether we are cross compiling
configure:2866: result: no
configure:2869: checking for suffix of executables
configure:2876: gcc -o conftest    conftest.c  >&5
configure:2880: $? = 0
configure:2906: result: 
configure:2912: checking for suffix of object files
configure:2938: gcc -c   conftest.c >&5
configure:2942: $? = 0
configure:2967: result: o
configure:2971: checking whether we are using the GNU C compiler
configure:3000: gcc -c   conftest.c >&5
configure:3007: $? = 0
configure:3024: result: yes
configure:3033: checking whether gcc accepts -g
configure:3063: gcc -c -g  conftest.c >&5
configure:3070: $? = 0
configure:3171: result: yes
configure:3188: checking for gcc option to accept ISO C89
configure:3262: gcc  -c -g -O2  conftest.c >&5
configure:3269: $? = 0
configure:3292: result: none needed
configure:3321: checking for style of include used by make
configure:3349: result: GNU
configure:3374: checking dependency style of gcc
configure:3484: result: gcc3
configure:3557: checking for g++
configure:3573: found /shared/apps/gnu-compilers/gnu-4.8.1/gcc-4.8.1/INSTALL/bin/g++
configure:3584: result: g++
configure:3611: checking for C++ compiler version
configure:3619: g++ --version >&5
g++ (GCC) 4.8.1
Copyright (C) 2013 Free Software Foundation, Inc.
This is free software; see the source for copying conditions.  There is NO
warranty; not even for MERCHANTABILITY or FITNESS FOR A PARTICULAR PURPOSE.

configure:3623: $? = 0
configure:3630: g++ -v >&5
Using built-in specs.
COLLECT_GCC=g++
COLLECT_LTO_WRAPPER=/shared/apps/gnu-compilers/gnu-4.8.1/gcc-4.8.1/INSTALL/libexec/gcc/x86_64-unknown-linux-gnu/4.8.1/lto-wrapper
Target: x86_64-unknown-linux-gnu
Configured with: ./configure --prefix=/shared/apps/gnu-compilers/gnu-4.8.1/gcc-4.8.1/INSTALL --disable-libstdcxx-pch
Thread model: posix
gcc version 4.8.1 (GCC) 
configure:3634: $? = 0
configure:3641: g++ -V >&5
g++: error: unrecognized command line option '-V'
g++: fatal error: no input files
compilation terminated.
configure:3645: $? = 1
configure:3648: checking whether we are using the GNU C++ compiler
configure:3677: g++ -c   conftest.cpp >&5
configure:3684: $? = 0
configure:3701: result: yes
configure:3710: checking whether g++ accepts -g
configure:3740: g++ -c -g  conftest.cpp >&5
configure:3747: $? = 0
configure:3848: result: yes
configure:3873: checking dependency style of g++
configure:3983: result: gcc3
configure:4041: checking for ranlib
configure:4057: found /gss_gpfs_scratch/nroy/binutils/binutils-2.24/INSTALL/bin/ranlib
configure:4068: result: ranlib
configure:4105: checking whether g++ supports C++11 features by default
configure:4409: g++ -c -g -O2  conftest.cpp >&5
conftest.cpp:21:2: error: #error "This is not a C++11 compiler"
 #error "This is not a C++11 compiler"
  ^
configure:4416: $? = 1
configure: failed program was:
| /* confdefs.h.  */
| #define PACKAGE_NAME "CausalSet"
| #define PACKAGE_TARNAME "causalset"
| #define PACKAGE_VERSION "1.1"
| #define PACKAGE_STRING "CausalSet 1.1"
| #define PACKAGE_BUGREPORT "w.cunningham@northeastern.edu"
| #define PACKAGE "causalset"
| #define VERSION "1.1"
| /* end confdefs.h.  */
| 
| 
| // If the compiler admits that it is not ready for C++11, why torture it?
| // Hopefully, this will speed up the test.
| 
| #ifndef __cplusplus
| 
| #error "This is not a C++ compiler"
| 
| #elif __cplusplus < 201103L
| 
| #error "This is not a C++11 compiler"
| 
| #else
| 
| namespace cxx11
| {
| 
|   namespace test_static_assert
|   {
| 
|     template <typename T>
|     struct check
|     {
|       static_assert(sizeof(int) <= sizeof(T), "not big enough");
|     };
| 
|   }
| 
|   namespace test_final_override
|   {
| 
|     struct Base
|     {
|       virtual void f() {}
|     };
| 
|     struct Derived : public Base
|     {
|       virtual void f() override {}
|     };
| 
|   }
| 
|   namespace test_double_right_angle_brackets
|   {
| 
|     template < typename T >
|     struct check {};
| 
|     typedef check<void> single_type;
|     typedef check<check<void>> double_type;
|     typedef check<check<check<void>>> triple_type;
|     typedef check<check<check<check<void>>>> quadruple_type;
| 
|   }
| 
|   namespace test_decltype
|   {
| 
|     int
|     f()
|     {
|       int a = 1;
|       decltype(a) b = 2;
|       return a + b;
|     }
| 
|   }
| 
|   namespace test_type_deduction
|   {
| 
|     template < typename T1, typename T2 >
|     struct is_same
|     {
|       static const bool value = false;
|     };
| 
|     template < typename T >
|     struct is_same<T, T>
|     {
|       static const bool value = true;
|     };
| 
|     template < typename T1, typename T2 >
|     auto
|     add(T1 a1, T2 a2) -> decltype(a1 + a2)
|     {
|       return a1 + a2;
|     }
| 
|     int
|     test(const int c, volatile int v)
|     {
|       static_assert(is_same<int, decltype(0)>::value == true, "");
|       static_assert(is_same<int, decltype(c)>::value == false, "");
|       static_assert(is_same<int, decltype(v)>::value == false, "");
|       auto ac = c;
|       auto av = v;
|       auto sumi = ac + av + 'x';
|       auto sumf = ac + av + 1.0;
|       static_assert(is_same<int, decltype(ac)>::value == true, "");
|       static_assert(is_same<int, decltype(av)>::value == true, "");
|       static_assert(is_same<int, decltype(sumi)>::value == true, "");
|       static_assert(is_same<int, decltype(sumf)>::value == false, "");
|       static_assert(is_same<int, decltype(add(c, v))>::value == true, "");
|       return (sumf > 0.0) ? sumi : add(c, v);
|     }
| 
|   }
| 
|   namespace test_noexcept
|   {
| 
|     int f() { return 0; }
|     int g() noexcept { return 0; }
| 
|     static_assert(noexcept(f()) == false, "");
|     static_assert(noexcept(g()) == true, "");
| 
|   }
| 
|   namespace test_constexpr
|   {
| 
|     template < typename CharT >
|     unsigned long constexpr
|     strlen_c_r(const CharT *const s, const unsigned long acc) noexcept
|     {
|       return *s ? strlen_c_r(s + 1, acc + 1) : acc;
|     }
| 
|     template < typename CharT >
|     unsigned long constexpr
|     strlen_c(const CharT *const s) noexcept
|     {
|       return strlen_c_r(s, 0UL);
|     }
| 
|     static_assert(strlen_c("") == 0UL, "");
|     static_assert(strlen_c("1") == 1UL, "");
|     static_assert(strlen_c("example") == 7UL, "");
|     static_assert(strlen_c("another\0example") == 7UL, "");
| 
|   }
| 
|   namespace test_rvalue_references
|   {
| 
|     template < int N >
|     struct answer
|     {
|       static constexpr int value = N;
|     };
| 
|     answer<1> f(int&)       { return answer<1>(); }
|     answer<2> f(const int&) { return answer<2>(); }
|     answer<3> f(int&&)      { return answer<3>(); }
| 
|     void
|     test()
|     {
|       int i = 0;
|       const int c = 0;
|       static_assert(decltype(f(i))::value == 1, "");
|       static_assert(decltype(f(c))::value == 2, "");
|       static_assert(decltype(f(0))::value == 3, "");
|     }
| 
|   }
| 
|   namespace test_uniform_initialization
|   {
| 
|     struct test
|     {
|       static const int zero {};
|       static const int one {1};
|     };
| 
|     static_assert(test::zero == 0, "");
|     static_assert(test::one == 1, "");
| 
|   }
| 
|   namespace test_lambdas
|   {
| 
|     void
|     test1()
|     {
|       auto lambda1 = [](){};
|       auto lambda2 = lambda1;
|       lambda1();
|       lambda2();
|     }
| 
|     int
|     test2()
|     {
|       auto a = [](int i, int j){ return i + j; }(1, 2);
|       auto b = []() -> int { return '0'; }();
|       auto c = [=](){ return a + b; }();
|       auto d = [&](){ return c; }();
|       auto e = [a, &b](int x) mutable {
|         const auto identity = [](int y){ return y; };
|         for (auto i = 0; i < a; ++i)
|           a += b--;
|         return x + identity(a + b);
|       }(0);
|       return a + b + c + d + e;
|     }
| 
|     int
|     test3()
|     {
|       const auto nullary = [](){ return 0; };
|       const auto unary = [](int x){ return x; };
|       using nullary_t = decltype(nullary);
|       using unary_t = decltype(unary);
|       const auto higher1st = [](nullary_t f){ return f(); };
|       const auto higher2nd = [unary](nullary_t f1){
|         return [unary, f1](unary_t f2){ return f2(unary(f1())); };
|       };
|       return higher1st(nullary) + higher2nd(nullary)(unary);
|     }
| 
|   }
| 
|   namespace test_variadic_templates
|   {
| 
|     template <int...>
|     struct sum;
| 
|     template <int N0, int... N1toN>
|     struct sum<N0, N1toN...>
|     {
|       static constexpr auto value = N0 + sum<N1toN...>::value;
|     };
| 
|     template <>
|     struct sum<>
|     {
|       static constexpr auto value = 0;
|     };
| 
|     static_assert(sum<>::value == 0, "");
|     static_assert(sum<1>::value == 1, "");
|     static_assert(sum<23>::value == 23, "");
|     static_assert(sum<1, 2>::value == 3, "");
|     static_assert(sum<5, 5, 11>::value == 21, "");
|     static_assert(sum<2, 3, 5, 7, 11, 13>::value == 41, "");
| 
|   }
| 
|   // http://stackoverflow.com/questions/13728184/template-aliases-and-sfinae
|   // Clang 3.1 fails with headers of libstd++ 4.8.3 when using std::function
|   // because of this.
|   namespace test_template_alias_sfinae
|   {
| 
|     struct foo {};
| 
|     template<typename T>
|     using member = typename T::member_type;
| 
|     template<typename T>
|     void func(...) {}
| 
|     template<typename T>
|     void func(member<T>*) {}
| 
|     void test();
| 
|     void test() { func<foo>(0); }
| 
|   }
| 
| }  // namespace cxx11
| 
| #endif  // __cplusplus >= 201103L
| 
| 
| 
configure:4431: result: no
configure:4440: checking whether g++ supports C++11 features with -std=gnu++11
configure:4746: g++ -std=gnu++11 -c -g -O2  conftest.cpp >&5
configure:4753: $? = 0
configure:4771: result: yes
configure:5202: checking for gsl-config
configure:5220: found /usr/bin/gsl-config
configure:5233: result: /usr/bin/gsl-config
configure:5242: checking for GSL - version >= 1.13
configure:5346: g++ -std=gnu++11 -o conftest -g -O2   conftest.cpp  -lgsl -lgslcblas -lm >&5
configure:5350: $? = 0
configure:5356: ./conftest
configure:5360: $? = 0
configure:5381: result: yes
configure:5473: checking for grep that handles long lines and -e
configure:5533: result: /bin/grep
configure:5543: checking how to run the C++ preprocessor
configure:5579: g++ -std=gnu++11 -E  conftest.cpp
configure:5586: $? = 0
configure:5617: g++ -std=gnu++11 -E  conftest.cpp
conftest.cpp:11:28: fatal error: ac_nonexistent.h: No such file or directory
 #include <ac_nonexistent.h>
                            ^
compilation terminated.
configure:5624: $? = 1
configure: failed program was:
| /* confdefs.h.  */
| #define PACKAGE_NAME "CausalSet"
| #define PACKAGE_TARNAME "causalset"
| #define PACKAGE_VERSION "1.1"
| #define PACKAGE_STRING "CausalSet 1.1"
| #define PACKAGE_BUGREPORT "w.cunningham@northeastern.edu"
| #define PACKAGE "causalset"
| #define VERSION "1.1"
| #define HAVE_CXX11 1
| /* end confdefs.h.  */
| #include <ac_nonexistent.h>
configure:5657: result: g++ -std=gnu++11 -E
configure:5686: g++ -std=gnu++11 -E  conftest.cpp
configure:5693: $? = 0
configure:5724: g++ -std=gnu++11 -E  conftest.cpp
conftest.cpp:11:28: fatal error: ac_nonexistent.h: No such file or directory
 #include <ac_nonexistent.h>
                            ^
compilation terminated.
configure:5731: $? = 1
configure: failed program was:
| /* confdefs.h.  */
| #define PACKAGE_NAME "CausalSet"
| #define PACKAGE_TARNAME "causalset"
| #define PACKAGE_VERSION "1.1"
| #define PACKAGE_STRING "CausalSet 1.1"
| #define PACKAGE_BUGREPORT "w.cunningham@northeastern.edu"
| #define PACKAGE "causalset"
| #define VERSION "1.1"
| #define HAVE_CXX11 1
| /* end confdefs.h.  */
| #include <ac_nonexistent.h>
configure:5771: checking for a sed that does not truncate output
configure:5837: result: /bin/sed
configure: this is boost.m4 serial 26
configure:5870: checking for Boost headers version >= 1.55.0
configure:5951: g++ -std=gnu++11 -c -g -O2  conftest.cpp >&5
configure:5958: $? = 0
configure:5987: result: yes
configure:6010: checking for Boost's header version
configure:6046: result: 1_55
configure:6068: checking for gcc option to support OpenMP
configure:6088: g++ -std=gnu++11 -o conftest -g -O2   conftest.cpp  >&5
conftest.cpp:3:2: error: 'choke' does not name a type
  choke me
  ^
In file included from conftest.cpp:5:0:
/shared/apps/gnu-compilers/usr/lib/gcc/x86_64-redhat-linux/4.4.7/include/omp.h:38:3: error: 'omp_lock_t' does not name a type
 } omp_lock_t;
   ^
/shared/apps/gnu-compilers/usr/lib/gcc/x86_64-redhat-linux/4.4.7/include/omp.h:76:28: error: variable or field 'omp_init_lock' declared void
 extern void omp_init_lock (omp_lock_t *) __GOMP_NOTHROW;
                            ^
/shared/apps/gnu-compilers/usr/lib/gcc/x86_64-redhat-linux/4.4.7/include/omp.h:76:28: error: 'omp_lock_t' was not declared in this scope
/shared/apps/gnu-compilers/usr/lib/gcc/x86_64-redhat-linux/4.4.7/include/omp.h:76:40: error: expected primary-expression before ')' token
 extern void omp_init_lock (omp_lock_t *) __GOMP_NOTHROW;
                                        ^
/shared/apps/gnu-compilers/usr/lib/gcc/x86_64-redhat-linux/4.4.7/include/omp.h:77:31: error: variable or field 'omp_destroy_lock' declared void
 extern void omp_destroy_lock (omp_lock_t *) __GOMP_NOTHROW;
                               ^
/shared/apps/gnu-compilers/usr/lib/gcc/x86_64-redhat-linux/4.4.7/include/omp.h:77:31: error: 'omp_lock_t' was not declared in this scope
/shared/apps/gnu-compilers/usr/lib/gcc/x86_64-redhat-linux/4.4.7/include/omp.h:77:43: error: expected primary-expression before ')' token
 extern void omp_destroy_lock (omp_lock_t *) __GOMP_NOTHROW;
                                           ^
/shared/apps/gnu-compilers/usr/lib/gcc/x86_64-redhat-linux/4.4.7/include/omp.h:78:27: error: variable or field 'omp_set_lock' declared void
 extern void omp_set_lock (omp_lock_t *) __GOMP_NOTHROW;
                           ^
/shared/apps/gnu-compilers/usr/lib/gcc/x86_64-redhat-linux/4.4.7/include/omp.h:78:27: error: 'omp_lock_t' was not declared in this scope
/shared/apps/gnu-compilers/usr/lib/gcc/x86_64-redhat-linux/4.4.7/include/omp.h:78:39: error: expected primary-expression before ')' token
 extern void omp_set_lock (omp_lock_t *) __GOMP_NOTHROW;
                                       ^
/shared/apps/gnu-compilers/usr/lib/gcc/x86_64-redhat-linux/4.4.7/include/omp.h:79:29: error: variable or field 'omp_unset_lock' declared void
 extern void omp_unset_lock (omp_lock_t *) __GOMP_NOTHROW;
                             ^
/shared/apps/gnu-compilers/usr/lib/gcc/x86_64-redhat-linux/4.4.7/include/omp.h:79:29: error: 'omp_lock_t' was not declared in this scope
/shared/apps/gnu-compilers/usr/lib/gcc/x86_64-redhat-linux/4.4.7/include/omp.h:79:41: error: expected primary-expression before ')' token
 extern void omp_unset_lock (omp_lock_t *) __GOMP_NOTHROW;
                                         ^
/shared/apps/gnu-compilers/usr/lib/gcc/x86_64-redhat-linux/4.4.7/include/omp.h:80:27: error: 'omp_lock_t' was not declared in this scope
 extern int omp_test_lock (omp_lock_t *) __GOMP_NOTHROW;
                           ^
/shared/apps/gnu-compilers/usr/lib/gcc/x86_64-redhat-linux/4.4.7/include/omp.h:80:39: error: expected primary-expression before ')' token
 extern int omp_test_lock (omp_lock_t *) __GOMP_NOTHROW;
                                       ^
/shared/apps/gnu-compilers/usr/lib/gcc/x86_64-redhat-linux/4.4.7/include/omp.h:80:41: error: expected ',' or ';' before 'throw'
 extern int omp_test_lock (omp_lock_t *) __GOMP_NOTHROW;
                                         ^
configure:6095: $? = 1
configure: failed program was:
| 
| #ifndef _OPENMP
|  choke me
| #endif
| #include <omp.h>
| int main () { return omp_get_num_threads (); }
| 
configure:6127: g++ -std=gnu++11 -o conftest -g -O2 -fopenmp   conftest.cpp  >&5
configure:6134: $? = 0
configure:6164: result: -fopenmp
configure:6234: checking for gcc __builtin_cpu_init function
configure:6270: gcc -o conftest -g -O2   conftest.c  >&5
configure:6274: $? = 0
configure:6280: ./conftest
configure:6284: $? = 0
configure:6301: result: yes
configure:6319: checking for x86 avx2 instruction support
configure:6358: gcc -o conftest -g -O2   conftest.c  >&5
configure:6362: $? = 0
configure:6368: ./conftest
configure:6372: $? = 0
configure:6391: result: yes
configure:6423: checking for x86 popcnt instruction support
configure:6462: gcc -o conftest -g -O2   conftest.c  >&5
configure:6466: $? = 0
configure:6472: ./conftest
configure:6476: $? = 0
configure:6495: result: yes
configure:6525: checking build system type
configure:6543: result: x86_64-unknown-linux-gnu
configure:6565: checking host system type
configure:6580: result: x86_64-unknown-linux-gnu
configure:6602: checking for C compiler vendor
configure:6659: gcc -c -g -O2  conftest.c >&5
conftest.c: In function 'main':
conftest.c:25:9: error: 'thisisanerror' undeclared (first use in this function)
         thisisanerror;
         ^
conftest.c:25:9: note: each undeclared identifier is reported only once for each function it appears in
configure:6666: $? = 1
configure: failed program was:
| /* confdefs.h.  */
| #define PACKAGE_NAME "CausalSet"
| #define PACKAGE_TARNAME "causalset"
| #define PACKAGE_VERSION "1.1"
| #define PACKAGE_STRING "CausalSet 1.1"
| #define PACKAGE_BUGREPORT "w.cunningham@northeastern.edu"
| #define PACKAGE "causalset"
| #define VERSION "1.1"
| #define HAVE_CXX11 1
| #define HAVE_BOOST 1
| #define HAVE_CUDA_INSTRUCTIONS 1
| #define NVCC "/shared/apps/cuda7.0/bin/nvcc"
| #define CUDA_HOME "/shared/apps/cuda7.0"
| #define CUDA_SDK_PATH "/shared/apps/cuda7.0/samples"
| #define CUDA_ARCH "sm_35"
| #define HAVE_AVX2_INSTRUCTIONS 1
| #define HAVE_POPCNT_INSTRUCTIONS 1
| /* end confdefs.h.  */
| 
| int
| main ()
| {
| 
|       #if !(defined(__ICC) || defined(__ECC) || defined(__INTEL_COMPILER))
|         thisisanerror;
|       #endif
| 
|   ;
|   return 0;
| }
configure:6659: gcc -c -g -O2  conftest.c >&5
conftest.c: In function 'main':
conftest.c:25:9: error: 'thisisanerror' undeclared (first use in this function)
         thisisanerror;
         ^
conftest.c:25:9: note: each undeclared identifier is reported only once for each function it appears in
configure:6666: $? = 1
configure: failed program was:
| /* confdefs.h.  */
| #define PACKAGE_NAME "CausalSet"
| #define PACKAGE_TARNAME "causalset"
| #define PACKAGE_VERSION "1.1"
| #define PACKAGE_STRING "CausalSet 1.1"
| #define PACKAGE_BUGREPORT "w.cunningham@northeastern.edu"
| #define PACKAGE "causalset"
| #define VERSION "1.1"
| #define HAVE_CXX11 1
| #define HAVE_BOOST 1
| #define HAVE_CUDA_INSTRUCTIONS 1
| #define NVCC "/shared/apps/cuda7.0/bin/nvcc"
| #define CUDA_HOME "/shared/apps/cuda7.0"
| #define CUDA_SDK_PATH "/shared/apps/cuda7.0/samples"
| #define CUDA_ARCH "sm_35"
| #define HAVE_AVX2_INSTRUCTIONS 1
| #define HAVE_POPCNT_INSTRUCTIONS 1
| /* end confdefs.h.  */
| 
| int
| main ()
| {
| 
|       #if !(defined(__xlc__) || defined(__xlC__) || defined(__IBMC__) || defined(__IBMCPP__))
|         thisisanerror;
|       #endif
| 
|   ;
|   return 0;
| }
configure:6659: gcc -c -g -O2  conftest.c >&5
conftest.c: In function 'main':
conftest.c:25:9: error: 'thisisanerror' undeclared (first use in this function)
         thisisanerror;
         ^
conftest.c:25:9: note: each undeclared identifier is reported only once for each function it appears in
configure:6666: $? = 1
configure: failed program was:
| /* confdefs.h.  */
| #define PACKAGE_NAME "CausalSet"
| #define PACKAGE_TARNAME "causalset"
| #define PACKAGE_VERSION "1.1"
| #define PACKAGE_STRING "CausalSet 1.1"
| #define PACKAGE_BUGREPORT "w.cunningham@northeastern.edu"
| #define PACKAGE "causalset"
| #define VERSION "1.1"
| #define HAVE_CXX11 1
| #define HAVE_BOOST 1
| #define HAVE_CUDA_INSTRUCTIONS 1
| #define NVCC "/shared/apps/cuda7.0/bin/nvcc"
| #define CUDA_HOME "/shared/apps/cuda7.0"
| #define CUDA_SDK_PATH "/shared/apps/cuda7.0/samples"
| #define CUDA_ARCH "sm_35"
| #define HAVE_AVX2_INSTRUCTIONS 1
| #define HAVE_POPCNT_INSTRUCTIONS 1
| /* end confdefs.h.  */
| 
| int
| main ()
| {
| 
|       #if !(defined(__PATHCC__) || defined(__PATHSCALE__))
|         thisisanerror;
|       #endif
| 
|   ;
|   return 0;
| }
configure:6659: gcc -c -g -O2  conftest.c >&5
conftest.c: In function 'main':
conftest.c:25:9: error: 'thisisanerror' undeclared (first use in this function)
         thisisanerror;
         ^
conftest.c:25:9: note: each undeclared identifier is reported only once for each function it appears in
configure:6666: $? = 1
configure: failed program was:
| /* confdefs.h.  */
| #define PACKAGE_NAME "CausalSet"
| #define PACKAGE_TARNAME "causalset"
| #define PACKAGE_VERSION "1.1"
| #define PACKAGE_STRING "CausalSet 1.1"
| #define PACKAGE_BUGREPORT "w.cunningham@northeastern.edu"
| #define PACKAGE "causalset"
| #define VERSION "1.1"
| #define HAVE_CXX11 1
| #define HAVE_BOOST 1
| #define HAVE_CUDA_INSTRUCTIONS 1
| #define NVCC "/shared/apps/cuda7.0/bin/nvcc"
| #define CUDA_HOME "/shared/apps/cuda7.0"
| #define CUDA_SDK_PATH "/shared/apps/cuda7.0/samples"
| #define CUDA_ARCH "sm_35"
| #define HAVE_AVX2_INSTRUCTIONS 1
| #define HAVE_POPCNT_INSTRUCTIONS 1
| /* end confdefs.h.  */
| 
| int
| main ()
| {
| 
|       #if !(defined(__clang__))
|         thisisanerror;
|       #endif
| 
|   ;
|   return 0;
| }
configure:6659: gcc -c -g -O2  conftest.c >&5
conftest.c: In function 'main':
conftest.c:25:9: error: 'thisisanerror' undeclared (first use in this function)
         thisisanerror;
         ^
conftest.c:25:9: note: each undeclared identifier is reported only once for each function it appears in
configure:6666: $? = 1
configure: failed program was:
| /* confdefs.h.  */
| #define PACKAGE_NAME "CausalSet"
| #define PACKAGE_TARNAME "causalset"
| #define PACKAGE_VERSION "1.1"
| #define PACKAGE_STRING "CausalSet 1.1"
| #define PACKAGE_BUGREPORT "w.cunningham@northeastern.edu"
| #define PACKAGE "causalset"
| #define VERSION "1.1"
| #define HAVE_CXX11 1
| #define HAVE_BOOST 1
| #define HAVE_CUDA_INSTRUCTIONS 1
| #define NVCC "/shared/apps/cuda7.0/bin/nvcc"
| #define CUDA_HOME "/shared/apps/cuda7.0"
| #define CUDA_SDK_PATH "/shared/apps/cuda7.0/samples"
| #define CUDA_ARCH "sm_35"
| #define HAVE_AVX2_INSTRUCTIONS 1
| #define HAVE_POPCNT_INSTRUCTIONS 1
| /* end confdefs.h.  */
| 
| int
| main ()
| {
| 
|       #if !(defined(_CRAYC))
|         thisisanerror;
|       #endif
| 
|   ;
|   return 0;
| }
configure:6659: gcc -c -g -O2  conftest.c >&5
conftest.c: In function 'main':
conftest.c:25:9: error: 'thisisanerror' undeclared (first use in this function)
         thisisanerror;
         ^
conftest.c:25:9: note: each undeclared identifier is reported only once for each function it appears in
configure:6666: $? = 1
configure: failed program was:
| /* confdefs.h.  */
| #define PACKAGE_NAME "CausalSet"
| #define PACKAGE_TARNAME "causalset"
| #define PACKAGE_VERSION "1.1"
| #define PACKAGE_STRING "CausalSet 1.1"
| #define PACKAGE_BUGREPORT "w.cunningham@northeastern.edu"
| #define PACKAGE "causalset"
| #define VERSION "1.1"
| #define HAVE_CXX11 1
| #define HAVE_BOOST 1
| #define HAVE_CUDA_INSTRUCTIONS 1
| #define NVCC "/shared/apps/cuda7.0/bin/nvcc"
| #define CUDA_HOME "/shared/apps/cuda7.0"
| #define CUDA_SDK_PATH "/shared/apps/cuda7.0/samples"
| #define CUDA_ARCH "sm_35"
| #define HAVE_AVX2_INSTRUCTIONS 1
| #define HAVE_POPCNT_INSTRUCTIONS 1
| /* end confdefs.h.  */
| 
| int
| main ()
| {
| 
|       #if !(defined(__FUJITSU))
|         thisisanerror;
|       #endif
| 
|   ;
|   return 0;
| }
configure:6659: gcc -c -g -O2  conftest.c >&5
configure:6666: $? = 0
configure:6684: result: gnu
configure:6701: checking for gcc architecture flag
configure:6703: result: 
configure:6725: checking for x86 cpuid 0 output
configure:6767: gcc -o conftest -g -O2   conftest.c  >&5
configure:6771: $? = 0
configure:6777: ./conftest
configure:6781: $? = 0
configure:6798: result: f:756e6547:6c65746e:49656e69
configure:6815: checking for x86 cpuid 1 output
configure:6857: gcc -o conftest -g -O2   conftest.c  >&5
configure:6861: $? = 0
configure:6867: ./conftest
configure:6871: $? = 0
configure:6888: result: 306f2:200800:7ffefbff:bfebfbff
configure:7068: checking whether C compiler accepts -march=haswell
configure:7097: gcc -c -g -O2  -march=haswell  conftest.c >&5
conftest.c:1:0: error: bad value (haswell) for -march= switch
 /* confdefs.h.  */
 ^
configure:7104: $? = 1
configure: failed program was:
| /* confdefs.h.  */
| #define PACKAGE_NAME "CausalSet"
| #define PACKAGE_TARNAME "causalset"
| #define PACKAGE_VERSION "1.1"
| #define PACKAGE_STRING "CausalSet 1.1"
| #define PACKAGE_BUGREPORT "w.cunningham@northeastern.edu"
| #define PACKAGE "causalset"
| #define VERSION "1.1"
| #define HAVE_CXX11 1
| #define HAVE_BOOST 1
| #define HAVE_CUDA_INSTRUCTIONS 1
| #define NVCC "/shared/apps/cuda7.0/bin/nvcc"
| #define CUDA_HOME "/shared/apps/cuda7.0"
| #define CUDA_SDK_PATH "/shared/apps/cuda7.0/samples"
| #define CUDA_ARCH "sm_35"
| #define HAVE_AVX2_INSTRUCTIONS 1
| #define HAVE_POPCNT_INSTRUCTIONS 1
| /* end confdefs.h.  */
| 
| int
| main ()
| {
| 
|   ;
|   return 0;
| }
configure:7122: result: no
configure:7068: checking whether C compiler accepts -march=core-avx2
configure:7097: gcc -c -g -O2  -march=core-avx2  conftest.c >&5
configure:7104: $? = 0
configure:7122: result: yes
configure:7146: checking for gcc architecture flag
configure:7148: result: -march=core-avx2
configure:7312: creating ./config.status

## ---------------------- ##
## Running config.status. ##
## ---------------------- ##

This file was extended by CausalSet config.status 1.1, which was
generated by GNU Autoconf 2.63.  Invocation command line was

  CONFIG_FILES    = 
  CONFIG_HEADERS  = 
  CONFIG_LINKS    = 
  CONFIG_COMMANDS = 
  $ ./config.status 

on compute-4-017

config.status:802: creating Makefile
config.status:802: creating src/Makefile
config.status:802: creating inc/config.h
config.status:1024: inc/config.h is unchanged
config.status:1076: executing depfiles commands

## ---------------- ##
## Cache variables. ##
## ---------------- ##

ac_cv_build=x86_64-unknown-linux-gnu
ac_cv_c_compiler_gnu=yes
ac_cv_cxx_compiler_gnu=yes
ac_cv_env_BOOST_ROOT_set=
ac_cv_env_BOOST_ROOT_value=
ac_cv_env_CCC_set=
ac_cv_env_CCC_value=
ac_cv_env_CC_set=
ac_cv_env_CC_value=
ac_cv_env_CFLAGS_set=
ac_cv_env_CFLAGS_value=
ac_cv_env_CPPFLAGS_set=
ac_cv_env_CPPFLAGS_value=
ac_cv_env_CXXCPP_set=
ac_cv_env_CXXCPP_value=
ac_cv_env_CXXFLAGS_set=
ac_cv_env_CXXFLAGS_value=
ac_cv_env_CXX_set=
ac_cv_env_CXX_value=
ac_cv_env_LDFLAGS_set=
ac_cv_env_LDFLAGS_value=
ac_cv_env_LIBS_set=
ac_cv_env_LIBS_value=
ac_cv_env_build_alias_set=
ac_cv_env_build_alias_value=
ac_cv_env_host_alias_set=
ac_cv_env_host_alias_value=
ac_cv_env_target_alias_set=
ac_cv_env_target_alias_value=
ac_cv_host=x86_64-unknown-linux-gnu
ac_cv_objext=o
ac_cv_path_GREP=/bin/grep
ac_cv_path_GSL_CONFIG=/usr/bin/gsl-config
ac_cv_path_SED=/bin/sed
ac_cv_path_install='/usr/bin/install -c'
ac_cv_path_mkdir=/bin/mkdir
ac_cv_prog_AWK=gawk
ac_cv_prog_CXXCPP='g++ -std=gnu++11 -E'
ac_cv_prog_ac_ct_CC=gcc
ac_cv_prog_ac_ct_CXX=g++
ac_cv_prog_ac_ct_RANLIB=ranlib
ac_cv_prog_cc_c89=
ac_cv_prog_cc_g=yes
ac_cv_prog_cxx_g=yes
ac_cv_prog_cxx_openmp=-fopenmp
ac_cv_prog_make_make_set=yes
am_cv_CC_dependencies_compiler_type=gcc3
am_cv_CXX_dependencies_compiler_type=gcc3
ax_cv_c_compiler_vendor=gnu
ax_cv_check_cflags___march_core_avx2=yes
ax_cv_check_cflags___march_haswell=no
ax_cv_cxx_compile_cxx11=no
ax_cv_cxx_compile_cxx11__std_gnupp11=yes
ax_cv_gcc_archflag=-march=core-avx2
ax_cv_gcc_check_x86_cpu_init=yes
ax_cv_gcc_x86_cpu_supports_avx2=yes
ax_cv_gcc_x86_cpu_supports_popcnt=yes
ax_cv_gcc_x86_cpuid_0=f:756e6547:6c65746e:49656e69
ax_cv_gcc_x86_cpuid_1=306f2:200800:7ffefbff:bfebfbff
boost_cv_inc_path=yes
boost_cv_lib_version=1_55

## ----------------- ##
## Output variables. ##
## ----------------- ##

ACLOCAL='${SHELL} /home/cunningham.wi/projects/causets/missing --run aclocal-1.11'
AMDEPBACKSLASH='\'
AMDEP_FALSE='#'
AMDEP_TRUE=''
AMTAR='${SHELL} /home/cunningham.wi/projects/causets/missing --run tar'
AUTOCONF='${SHELL} /home/cunningham.wi/projects/causets/missing --run autoconf'
AUTOHEADER='${SHELL} /home/cunningham.wi/projects/causets/missing --run autoheader'
AUTOMAKE='${SHELL} /home/cunningham.wi/projects/causets/missing --run automake-1.11'
AWK='gawk'
BOOST_CPPFLAGS=''
BOOST_ROOT=''
CC='gcc'
CCDEPMODE='depmode=gcc3'
CFLAGS='-g -O2 -march=core-avx2'
CPPFLAGS=''
CUDA_HOME='/shared/apps/cuda7.0'
CUDA_SDK_PATH='/shared/apps/cuda7.0/samples'
CXX='g++ -std=gnu++11'
CXXCPP='g++ -std=gnu++11 -E'
CXXDEPMODE='depmode=gcc3'
CXXFLAGS='-O3 -g -Wall -x c++ -DBOOST_NO_FENV_H -march=core-avx2 -mavx2 -DAVX2_ENABLED -mpopcnt'
CYGPATH_W='echo'
DEFS='-DHAVE_CONFIG_H'
DEPDIR='.deps'
DISTCHECK_CONFIGURE_FLAGS=' '\''--with-boost='\'''
ECHO_C=''
ECHO_N='-n'
ECHO_T=''
EXEEXT=''
GCC_GE_481_FALSE=''
GCC_GE_481_TRUE='#'
GREP='/bin/grep'
GSL_CFLAGS='-I/usr/include'
GSL_CONFIG='/usr/bin/gsl-config'
GSL_LIBS='-lgsl -lgslcblas -lm'
HAVE_CXX11='1'
INSTALL_DATA='${INSTALL} -m 644'
INSTALL_PROGRAM='${INSTALL}'
INSTALL_SCRIPT='${INSTALL}'
INSTALL_STRIP_PROGRAM='$(install_sh) -c -s'
LDFLAGS=''
LIBOBJS=''
LIBS=''
LTLIBOBJS=''
MAKEINFO='${SHELL} /home/cunningham.wi/projects/causets/missing --run makeinfo'
MKDIR_P='/bin/mkdir -p'
NVCC='/shared/apps/cuda7.0/bin/nvcc'
NVCCFLAGS='-O3 -G -g -DBOOST_NOINLINE='\''__attribute__ ((noinline))'\'' -DCUDA_ENABLED -arch=sm_35 --std=c++11 -DBOOST_NO_FENV_H -Xcompiler '\''-mavx2 -march=core-avx2 -DAVX2_ENABLED'\'' -Xcompiler -mpopcnt'
OBJEXT='o'
OPENMP_CXXFLAGS='-fopenmp'
PACKAGE='causalset'
PACKAGE_BUGREPORT='w.cunningham@northeastern.edu'
PACKAGE_NAME='CausalSet'
PACKAGE_STRING='CausalSet 1.1'
PACKAGE_TARNAME='causalset'
PACKAGE_VERSION='1.1'
PATH_SEPARATOR=':'
PRTDIAG=''
RANLIB='ranlib'
SED='/bin/sed'
SET_MAKE=''
SHELL='/bin/sh'
STRIP=''
VERSION='1.1'
ac_ct_CC='gcc'
ac_ct_CXX='g++'
am__EXEEXT_FALSE=''
am__EXEEXT_TRUE='#'
am__fastdepCC_FALSE='#'
am__fastdepCC_TRUE=''
am__fastdepCXX_FALSE='#'
am__fastdepCXX_TRUE=''
am__include='include'
am__isrc=''
am__leading_dot='.'
am__quote=''
am__tar='${AMTAR} chof - "$$tardir"'
am__untar='${AMTAR} xf -'
bindir='${exec_prefix}/bin'
build='x86_64-unknown-linux-gnu'
build_alias=''
build_cpu='x86_64'
build_os='linux-gnu'
build_vendor='unknown'
datadir='${datarootdir}'
datarootdir='${prefix}/share'
docdir='${datarootdir}/doc/${PACKAGE_TARNAME}'
dvidir='${docdir}'
exec_prefix='${prefix}'
host='x86_64-unknown-linux-gnu'
host_alias=''
host_cpu='x86_64'
host_os='linux-gnu'
host_vendor='unknown'
htmldir='${docdir}'
includedir='${prefix}/include'
infodir='${datarootdir}/info'
install_sh='${SHELL} /home/cunningham.wi/projects/causets/install-sh'
libdir='${exec_prefix}/lib'
libexecdir='${exec_prefix}/libexec'
localedir='${datarootdir}/locale'
localstatedir='${prefix}/var'
mandir='${datarootdir}/man'
mkdir_p='/bin/mkdir -p'
oldincludedir='/usr/include'
pdfdir='${docdir}'
prefix='/usr/local'
program_transform_name='s,x,x,'
psdir='${docdir}'
sbindir='${exec_prefix}/sbin'
sharedstatedir='${prefix}/com'
sysconfdir='${prefix}/etc'
target_alias=''

## ----------- ##
## confdefs.h. ##
## ----------- ##

#define PACKAGE_NAME "CausalSet"
#define PACKAGE_TARNAME "causalset"
#define PACKAGE_VERSION "1.1"
#define PACKAGE_STRING "CausalSet 1.1"
#define PACKAGE_BUGREPORT "w.cunningham@northeastern.edu"
#define PACKAGE "causalset"
#define VERSION "1.1"
#define HAVE_CXX11 1
#define HAVE_BOOST 1
#define HAVE_CUDA_INSTRUCTIONS 1
#define NVCC "/shared/apps/cuda7.0/bin/nvcc"
#define CUDA_HOME "/shared/apps/cuda7.0"
#define CUDA_SDK_PATH "/shared/apps/cuda7.0/samples"
#define CUDA_ARCH "sm_35"
#define HAVE_AVX2_INSTRUCTIONS 1
#define HAVE_POPCNT_INSTRUCTIONS 1

configure: exit 0

## ---------------------- ##
## Running config.status. ##
## ---------------------- ##

This file was extended by CausalSet config.status 1.1, which was
generated by GNU Autoconf 2.63.  Invocation command line was

  CONFIG_FILES    = 
  CONFIG_HEADERS  = 
  CONFIG_LINKS    = 
  CONFIG_COMMANDS = 
  $ ./config.status Makefile

on compute-4-017

config.status:802: creating Makefile
